[    0.000000] Initializing cgroup subsys cpuset
[    0.000000] Initializing cgroup subsys cpu
[    0.000000] Initializing cgroup subsys cpuacct
[    0.000000] Linux version 4.4.0-165-generic (buildd@lgw01-amd64-027) (gcc version 5.4.0 20160609 (Ubuntu 5.4.0-6ubuntu1~16.04.10) ) #193-Ubuntu SMP Tue Sep 17 17:42:52 UTC 2019 (Ubuntu 4.4.0-165.193-generic 4.4.189)
[    0.000000] Command line: BOOT_IMAGE=/boot/vmlinuz-4.4.0-165-generic root=LABEL=cloudimg-rootfs ro console=tty1 console=ttyS0
[    0.000000] KERNEL supported cpus:
[    0.000000]   Intel GenuineIntel
[    0.000000]   AMD AuthenticAMD
[    0.000000]   Centaur CentaurHauls
[    0.000000] x86/fpu: xstate_offset[2]:  576, xstate_sizes[2]:  256
[    0.000000] x86/fpu: Supporting XSAVE feature 0x01: 'x87 floating point registers'
[    0.000000] x86/fpu: Supporting XSAVE feature 0x02: 'SSE registers'
[    0.000000] x86/fpu: Supporting XSAVE feature 0x04: 'AVX registers'
[    0.000000] x86/fpu: Enabled xstate features 0x7, context size is 832 bytes, using 'standard' format.
[    0.000000] e820: BIOS-provided physical RAM map:
[    0.000000] BIOS-e820: [mem 0x0000000000000000-0x000000000009fbff] usable
[    0.000000] BIOS-e820: [mem 0x000000000009fc00-0x000000000009ffff] reserved
[    0.000000] BIOS-e820: [mem 0x00000000000f0000-0x00000000000fffff] reserved
[    0.000000] BIOS-e820: [mem 0x0000000000100000-0x000000003ffeffff] usable
[    0.000000] BIOS-e820: [mem 0x000000003fff0000-0x000000003fffffff] ACPI data
[    0.000000] BIOS-e820: [mem 0x00000000fec00000-0x00000000fec00fff] reserved
[    0.000000] BIOS-e820: [mem 0x00000000fee00000-0x00000000fee00fff] reserved
[    0.000000] BIOS-e820: [mem 0x00000000fffc0000-0x00000000ffffffff] reserved
[    0.000000] NX (Execute Disable) protection: active
[    0.000000] SMBIOS 2.5 present.
[    0.000000] Hypervisor detected: KVM
[    0.000000] e820: last_pfn = 0x3fff0 max_arch_pfn = 0x400000000
[    0.000000] MTRR: Disabled
[    0.000000] x86/PAT: MTRRs disabled, skipping PAT initialization too.
[    0.000000] CPU MTRRs all blank - virtualized system.
[    0.000000] x86/PAT: Configuration [0-7]: WB  WT  UC- UC  WB  WT  UC- UC  
[    0.000000] found SMP MP-table at [mem 0x0009fff0-0x0009ffff] mapped at [ffff88000009fff0]
[    0.000000] Scanning 1 areas for low memory corruption
[    0.000000] RAMDISK: [mem 0x362fa000-0x37174fff]
[    0.000000] ACPI: Early table checksum verification disabled
[    0.000000] ACPI: RSDP 0x00000000000E0000 000024 (v02 VBOX  )
[    0.000000] ACPI: XSDT 0x000000003FFF0030 00003C (v01 VBOX   VBOXXSDT 00000001 ASL  00000061)
[    0.000000] ACPI: FACP 0x000000003FFF00F0 0000F4 (v04 VBOX   VBOXFACP 00000001 ASL  00000061)
[    0.000000] ACPI: DSDT 0x000000003FFF0470 0022EA (v02 VBOX   VBOXBIOS 00000002 INTL 20100528)
[    0.000000] ACPI: FACS 0x000000003FFF0200 000040
[    0.000000] ACPI: FACS 0x000000003FFF0200 000040
[    0.000000] ACPI: APIC 0x000000003FFF0240 00005C (v02 VBOX   VBOXAPIC 00000001 ASL  00000061)
[    0.000000] ACPI: SSDT 0x000000003FFF02A0 0001CC (v01 VBOX   VBOXCPUT 00000002 INTL 20100528)
[    0.000000] No NUMA configuration found
[    0.000000] Faking a node at [mem 0x0000000000000000-0x000000003ffeffff]
[    0.000000] NODE_DATA(0) allocated [mem 0x3ffeb000-0x3ffeffff]
[    0.000000] kvm-clock: Using msrs 4b564d01 and 4b564d00
[    0.000000] kvm-clock: cpu 0, msr 0:3ffe3001, primary cpu clock
[    0.000000] kvm-clock: using sched offset of 3318491084 cycles
[    0.000000] clocksource: kvm-clock: mask: 0xffffffffffffffff max_cycles: 0x1cd42e4dffb, max_idle_ns: 881590591483 ns
[    0.000000] Zone ranges:
[    0.000000]   DMA      [mem 0x0000000000001000-0x0000000000ffffff]
[    0.000000]   DMA32    [mem 0x0000000001000000-0x000000003ffeffff]
[    0.000000]   Normal   empty
[    0.000000]   Device   empty
[    0.000000] Movable zone start for each node
[    0.000000] Early memory node ranges
[    0.000000]   node   0: [mem 0x0000000000001000-0x000000000009efff]
[    0.000000]   node   0: [mem 0x0000000000100000-0x000000003ffeffff]
[    0.000000] Initmem setup node 0 [mem 0x0000000000001000-0x000000003ffeffff]
[    0.000000] ACPI: PM-Timer IO Port: 0x4008
[    0.000000] IOAPIC[0]: apic_id 2, version 32, address 0xfec00000, GSI 0-23
[    0.000000] ACPI: INT_SRC_OVR (bus 0 bus_irq 0 global_irq 2 dfl dfl)
[    0.000000] ACPI: INT_SRC_OVR (bus 0 bus_irq 9 global_irq 9 low level)
[    0.000000] Using ACPI (MADT) for SMP configuration information
[    0.000000] smpboot: Allowing 2 CPUs, 0 hotplug CPUs
[    0.000000] PM: Registered nosave memory: [mem 0x00000000-0x00000fff]
[    0.000000] PM: Registered nosave memory: [mem 0x0009f000-0x0009ffff]
[    0.000000] PM: Registered nosave memory: [mem 0x000a0000-0x000effff]
[    0.000000] PM: Registered nosave memory: [mem 0x000f0000-0x000fffff]
[    0.000000] e820: [mem 0x40000000-0xfebfffff] available for PCI devices
[    0.000000] Booting paravirtualized kernel on KVM
[    0.000000] clocksource: refined-jiffies: mask: 0xffffffff max_cycles: 0xffffffff, max_idle_ns: 7645519600211568 ns
[    0.000000] setup_percpu: NR_CPUS:512 nr_cpumask_bits:512 nr_cpu_ids:2 nr_node_ids:1
[    0.000000] PERCPU: Embedded 34 pages/cpu @ffff88003fc00000 s99544 r8192 d31528 u1048576
[    0.000000] Built 1 zonelists in Node order, mobility grouping on.  Total pages: 257912
[    0.000000] Policy zone: DMA32
[    0.000000] Kernel command line: BOOT_IMAGE=/boot/vmlinuz-4.4.0-165-generic root=LABEL=cloudimg-rootfs ro console=tty1 console=ttyS0
[    0.000000] PID hash table entries: 4096 (order: 3, 32768 bytes)
[    0.000000] Memory: 997732K/1048120K available (8621K kernel code, 1335K rwdata, 4032K rodata, 1484K init, 1284K bss, 50388K reserved, 0K cma-reserved)
[    0.000000] SLUB: HWalign=64, Order=0-3, MinObjects=0, CPUs=2, Nodes=1
[    0.000000] Kernel/User page tables isolation: enabled
[    0.000000] Hierarchical RCU implementation.
[    0.000000] 	Build-time adjustment of leaf fanout to 64.
[    0.000000] 	RCU restricting CPUs from NR_CPUS=512 to nr_cpu_ids=2.
[    0.000000] RCU: Adjusting geometry for rcu_fanout_leaf=64, nr_cpu_ids=2
[    0.000000] NR_IRQS:33024 nr_irqs:440 16
[    0.000000] Console: colour VGA+ 80x25
[    0.000000] console [tty1] enabled
[    0.000000] console [ttyS0] enabled
[    0.000000] tsc: Detected 2303.998 MHz processor
[    0.133561] Calibrating delay loop (skipped) preset value.. 4607.99 BogoMIPS (lpj=9215992)
[    0.134990] pid_max: default: 32768 minimum: 301
[    0.135769] ACPI: Core revision 20150930
[    0.137234] ACPI: 2 ACPI AML tables successfully acquired and loaded
[    0.138330] Security Framework initialized
[    0.139036] Yama: becoming mindful.
[    0.139671] AppArmor: AppArmor initialized
[    0.140427] Dentry cache hash table entries: 131072 (order: 8, 1048576 bytes)
[    0.142648] Inode-cache hash table entries: 65536 (order: 7, 524288 bytes)
[    0.144085] Mount-cache hash table entries: 2048 (order: 2, 16384 bytes)
[    0.145257] Mountpoint-cache hash table entries: 2048 (order: 2, 16384 bytes)
[    0.146914] Initializing cgroup subsys io
[    0.147620] Initializing cgroup subsys memory
[    0.148365] Initializing cgroup subsys devices
[    0.149338] Initializing cgroup subsys freezer
[    0.150533] Initializing cgroup subsys net_cls
[    0.151770] Initializing cgroup subsys perf_event
[    0.153332] Initializing cgroup subsys net_prio
[    0.154364] Initializing cgroup subsys hugetlb
[    0.155119] Initializing cgroup subsys pids
[    0.156891] mce: CPU supports 0 MCE banks
[    0.157601] Last level iTLB entries: 4KB 64, 2MB 8, 4MB 8
[    0.158790] Last level dTLB entries: 4KB 64, 2MB 0, 4MB 0, 1GB 4
[    0.159869] Spectre V1 : Mitigation: usercopy/swapgs barriers and __user pointer sanitization
[    0.161524] Spectre V2 : Mitigation: Full generic retpoline
[    0.162803] Spectre V2 : Spectre v2 / SpectreRSB mitigation: Filling RSB on context switch
[    0.164252] Speculative Store Bypass: Vulnerable
[    0.165113] MDS: Mitigation: Clear CPU buffers
[    0.167906] Freeing SMP alternatives memory: 36K
[    0.173744] ftrace: allocating 32318 entries in 127 pages
[    0.220634] smpboot: APIC(0) Converting physical 0 to logical package 0
[    0.222215] smpboot: Max logical packages: 1
[    0.223521] x2apic enabled
[    0.224639] Switched APIC routing to physical x2apic.
[    0.226519] ..TIMER: vector=0x30 apic1=0 pin1=2 apic2=-1 pin2=-1
[    0.333247] smpboot: CPU0: Intel(R) Core(TM) i9-9880H CPU @ 2.30GHz (family: 0x6, model: 0x9e, stepping: 0xd)
[    0.335461] Performance Events: unsupported p6 CPU model 158 no PMU driver, software events only.
[    0.345338] KVM setup paravirtual spinlock
[    0.346854] x86: Booting SMP configuration:
[    0.347927] .... node  #0, CPUs:      #1
[    0.348818] kvm-clock: cpu 1, msr 0:3ffe3041, secondary cpu clock
[    0.350918] mce: CPU supports 0 MCE banks
[    0.353490] x86: Booted up 1 node, 2 CPUs
[    0.354403] smpboot: Total of 2 processors activated (9215.99 BogoMIPS)
[    0.355756] devtmpfs: initialized
[    0.358478] evm: security.selinux
[    0.359423] evm: security.SMACK64
[    0.360036] evm: security.SMACK64EXEC
[    0.360694] evm: security.SMACK64TRANSMUTE
[    0.361689] evm: security.SMACK64MMAP
[    0.362347] evm: security.ima
[    0.362913] evm: security.capability
[    0.363997] clocksource: jiffies: mask: 0xffffffff max_cycles: 0xffffffff, max_idle_ns: 7645041785100000 ns
[    0.365664] futex hash table entries: 512 (order: 3, 32768 bytes)
[    0.367168] pinctrl core: initialized pinctrl subsystem
[    0.368131] RTC time: 18:16:28, date: 10/21/19
[    0.369046] NET: Registered protocol family 16
[    0.381548] cpuidle: using governor ladder
[    0.394169] cpuidle: using governor menu
[    0.396483] PCCT header not found.
[    0.398030] ACPI: bus type PCI registered
[    0.399457] acpiphp: ACPI Hot Plug PCI Controller Driver version: 0.5
[    0.401431] PCI: Using configuration type 1 for base access
[    0.419839] ACPI: Added _OSI(Module Device)
[    0.421123] ACPI: Added _OSI(Processor Device)
[    0.421996] ACPI: Added _OSI(3.0 _SCP Extensions)
[    0.423105] ACPI: Added _OSI(Processor Aggregator Device)
[    0.424828] ACPI: Executed 1 blocks of module-level executable AML code
[    0.427611] ACPI: Interpreter enabled
[    0.428231] ACPI: (supports S0 S5)
[    0.428811] ACPI: Using IOAPIC for interrupt routing
[    0.429747] PCI: Using host bridge windows from ACPI; if necessary, use "pci=nocrs" and report a bug
[    0.434073] ACPI: PCI Root Bridge [PCI0] (domain 0000 [bus 00-ff])
[    0.435452] acpi PNP0A03:00: _OSC: OS supports [ASPM ClockPM Segments MSI]
[    0.436670] acpi PNP0A03:00: _OSC: not requesting OS control; OS requires [ExtendedConfig ASPM ClockPM MSI]
[    0.438243] acpi PNP0A03:00: fail to add MMCONFIG information, can't access extended PCI configuration space under this bridge.
[    0.440394] PCI host bridge to bus 0000:00
[    0.441544] pci_bus 0000:00: root bus resource [io  0x0000-0x0cf7 window]
[    0.443278] pci_bus 0000:00: root bus resource [io  0x0d00-0xffff window]
[    0.445288] pci_bus 0000:00: root bus resource [mem 0x000a0000-0x000bffff window]
[    0.447106] pci_bus 0000:00: root bus resource [mem 0x40000000-0xfdffffff window]
[    0.448337] pci_bus 0000:00: root bus resource [bus 00-ff]
[    0.451054] pci 0000:00:01.1: legacy IDE quirk: reg 0x10: [io  0x01f0-0x01f7]
[    0.452623] pci 0000:00:01.1: legacy IDE quirk: reg 0x14: [io  0x03f6]
[    0.453622] pci 0000:00:01.1: legacy IDE quirk: reg 0x18: [io  0x0170-0x0177]
[    0.455539] pci 0000:00:01.1: legacy IDE quirk: reg 0x1c: [io  0x0376]
[    0.471305] pci 0000:00:07.0: quirk: [io  0x4000-0x403f] claimed by PIIX4 ACPI
[    0.473142] pci 0000:00:07.0: quirk: [io  0x4100-0x410f] claimed by PIIX4 SMB
[    0.479704] ACPI: PCI Interrupt Link [LNKA] (IRQs 5 9 10 *11)
[    0.481334] ACPI: PCI Interrupt Link [LNKB] (IRQs 5 9 *10 11)
[    0.482508] ACPI: PCI Interrupt Link [LNKC] (IRQs 5 *9 10 11)
[    0.483675] ACPI: PCI Interrupt Link [LNKD] (IRQs 5 9 10 *11)
[    0.484882] ACPI: Enabled 2 GPEs in block 00 to 07
[    0.485904] vgaarb: setting as boot device: PCI:0000:00:02.0
[    0.487289] vgaarb: device added: PCI:0000:00:02.0,decodes=io+mem,owns=io+mem,locks=none
[    0.488792] vgaarb: loaded
[    0.489292] vgaarb: bridge control possible 0000:00:02.0
[    0.490358] SCSI subsystem initialized
[    0.491070] ACPI: bus type USB registered
[    0.491748] usbcore: registered new interface driver usbfs
[    0.492601] usbcore: registered new interface driver hub
[    0.493438] usbcore: registered new device driver usb
[    0.494563] PCI: Using ACPI for IRQ routing
[    0.495493] NetLabel: Initializing
[    0.496081] NetLabel:  domain hash size = 128
[    0.496785] NetLabel:  protocols = UNLABELED CIPSOv4
[    0.498456] NetLabel:  unlabeled traffic allowed by default
[    0.499895] amd_nb: Cannot enumerate AMD northbridges
[    0.501197] clocksource: Switched to clocksource kvm-clock
[    0.507175] AppArmor: AppArmor Filesystem Enabled
[    0.508420] pnp: PnP ACPI init
[    0.509894] pnp: PnP ACPI: found 3 devices
[    0.517807] clocksource: acpi_pm: mask: 0xffffff max_cycles: 0xffffff, max_idle_ns: 2085701024 ns
[    0.519680] NET: Registered protocol family 2
[    0.520488] TCP established hash table entries: 8192 (order: 4, 65536 bytes)
[    0.521586] TCP bind hash table entries: 8192 (order: 5, 131072 bytes)
[    0.522576] TCP: Hash tables configured (established 8192 bind 8192)
[    0.523543] UDP hash table entries: 512 (order: 2, 16384 bytes)
[    0.524485] UDP-Lite hash table entries: 512 (order: 2, 16384 bytes)
[    0.525460] NET: Registered protocol family 1
[    0.526228] pci 0000:00:00.0: Limiting direct PCI/PCI transfers
[    0.527231] pci 0000:00:01.0: Activating ISA DMA hang workarounds
[    0.528825] Unpacking initramfs...
[    0.697877] Freeing initrd memory: 14828K
[    0.699037] clocksource: tsc: mask: 0xffffffffffffffff max_cycles: 0x2135f5e6f15, max_idle_ns: 440795231538 ns
[    0.701719] platform rtc_cmos: registered platform RTC device (no PNP device found)
[    0.703357] Scanning for low memory corruption every 60 seconds
[    0.704636] audit: initializing netlink subsys (disabled)
[    0.705579] audit: type=2000 audit(1571681793.463:1): initialized
[    0.706718] Initialise system trusted keyring
[    0.707544] HugeTLB registered 2 MB page size, pre-allocated 0 pages
[    0.710144] zbud: loaded
[    0.711163] VFS: Disk quotas dquot_6.6.0
[    0.712132] VFS: Dquot-cache hash table entries: 512 (order 0, 4096 bytes)
[    0.713565] squashfs: version 4.0 (2009/01/31) Phillip Lougher
[    0.714682] fuse init (API version 7.23)
[    0.715452] Key type big_key registered
[    0.716128] Allocating IMA MOK and blacklist keyrings.
[    0.717859] Key type asymmetric registered
[    0.718553] Asymmetric key parser 'x509' registered
[    0.719359] Block layer SCSI generic (bsg) driver version 0.4 loaded (major 249)
[    0.720664] io scheduler noop registered
[    0.721365] io scheduler deadline registered (default)
[    0.722209] io scheduler cfq registered
[    0.722922] pci_hotplug: PCI Hot Plug PCI Core version: 0.5
[    0.723813] pciehp: PCI Express Hot Plug Controller Driver version: 0.4
[    0.725176] ACPI: AC Adapter [AC] (on-line)
[    0.726128] input: Power Button as /devices/LNXSYSTM:00/LNXPWRBN:00/input/input0
[    0.727723] ACPI: Power Button [PWRF]
[    0.728408] input: Sleep Button as /devices/LNXSYSTM:00/LNXSLPBN:00/input/input1
[    0.729685] ACPI: Sleep Button [SLPF]
[    0.730469] GHES: HEST is not enabled!
[    0.731413] ACPI: Battery Slot [BAT0] (battery present)
[    0.732731] Serial: 8250/16550 driver, 32 ports, IRQ sharing enabled
[    0.754383] 00:02: ttyS0 at I/O 0x3f8 (irq = 4, base_baud = 115200) is a 16550A
[    0.758790] Linux agpgart interface v0.103
[    0.760934] loop: module loaded
[    0.761922] scsi host0: ata_piix
[    0.762590] scsi host1: ata_piix
[    0.763199] ata1: PATA max UDMA/33 cmd 0x1f0 ctl 0x3f6 bmdma 0xd000 irq 14
[    0.764253] ata2: PATA max UDMA/33 cmd 0x170 ctl 0x376 bmdma 0xd008 irq 15
[    0.765385] libphy: Fixed MDIO Bus: probed
[    0.766129] tun: Universal TUN/TAP device driver, 1.6
[    0.767357] tun: (C) 1999-2004 Max Krasnyansky <maxk@qualcomm.com>
[    0.768924] PPP generic driver version 2.4.2
[    0.770098] ehci_hcd: USB 2.0 'Enhanced' Host Controller (EHCI) Driver
[    0.771692] ehci-pci: EHCI PCI platform driver
[    0.772533] ehci-platform: EHCI generic platform driver
[    0.773377] ohci_hcd: USB 1.1 'Open' Host Controller (OHCI) Driver
[    0.774696] ohci-pci: OHCI PCI platform driver
[    0.775440] ohci-platform: OHCI generic platform driver
[    0.776283] uhci_hcd: USB Universal Host Controller Interface driver
[    0.777300] i8042: PNP: PS/2 Controller [PNP0303:PS2K,PNP0f03:PS2M] at 0x60,0x64 irq 1,12
[    0.779030] serio: i8042 KBD port at 0x60,0x64 irq 1
[    0.779837] serio: i8042 AUX port at 0x60,0x64 irq 12
[    0.780807] mousedev: PS/2 mouse device common for all mice
[    0.782416] input: AT Translated Set 2 keyboard as /devices/platform/i8042/serio0/input/input2
[    0.784424] rtc_cmos rtc_cmos: rtc core: registered rtc_cmos as rtc0
[    0.785479] rtc_cmos rtc_cmos: alarms up to one day, 114 bytes nvram
[    0.786473] i2c /dev entries driver
[    0.787120] device-mapper: uevent: version 1.0.3
[    0.787942] device-mapper: ioctl: 4.34.0-ioctl (2015-10-28) initialised: dm-devel@redhat.com
[    0.789330] ledtrig-cpu: registered to indicate activity on CPUs
[    0.790593] NET: Registered protocol family 10
[    0.791462] NET: Registered protocol family 17
[    0.792210] Key type dns_resolver registered
[    0.793174] registered taskstats version 1
[    0.793920] Loading compiled-in X.509 certificates
[    0.795063] Loaded X.509 cert 'Build time autogenerated kernel key: 0ed82eac04367aa6426493b1389455ebf6830eaa'
[    0.796637] zswap: loaded using pool lzo/zbud
[    0.798550] Key type trusted registered
[    0.801570] Key type encrypted registered
[    0.802255] AppArmor: AppArmor sha1 policy hashing enabled
[    0.803121] ima: No TPM chip found, activating TPM-bypass!
[    0.804284] ima: Allocated hash algorithm: sha1
[    0.805034] evm: HMAC attrs: 0x1
[    0.805938]   Magic number: 7:233:292
[    0.806582] tty tty25: hash matches
[    0.807231] rtc_cmos rtc_cmos: setting system clock to 2019-10-21 18:16:29 UTC (1571681789)
[    0.808683] BIOS EDD facility v0.16 2004-Jun-25, 0 devices found
[    0.809652] EDD information not available.
[    0.924056] Freeing unused kernel memory: 1484K
[    0.925907] Write protecting the kernel read-only data: 14336k
[    0.928029] Freeing unused kernel memory: 1608K
[    0.929530] Freeing unused kernel memory: 64K
Loading, please wait...
starting version 229
[    0.944051] random: systemd-udevd: uninitialized urandom read (16 bytes read, 3 bits of entropy available)
[    0.944558] random: udevadm: uninitialized urandom read (16 bytes read, 3 bits of entropy available)
[    0.944575] random: udevadm: uninitialized urandom read (16 bytes read, 3 bits of entropy available)
[    0.950306] random: systemd-udevd: uninitialized urandom read (16 bytes read, 3 bits of entropy available)
[    0.950361] random: udevadm: uninitialized urandom read (16 bytes read, 3 bits of entropy available)
[    0.950394] random: udevadm: uninitialized urandom read (16 bytes read, 3 bits of entropy available)
[    0.950496] random: udevadm: uninitialized urandom read (16 bytes read, 3 bits of entropy available)
[    0.950534] random: udevadm: uninitialized urandom read (16 bytes read, 3 bits of entropy available)
[    0.950570] random: udevadm: uninitialized urandom read (16 bytes read, 3 bits of entropy available)
[    0.950607] random: udevadm: uninitialized urandom read (16 bytes read, 3 bits of entropy available)
[    0.987402] Fusion MPT base driver 3.04.20
[    0.988797] Copyright (c) 1999-2008 LSI Corporation
[    1.001806] e1000: Intel(R) PRO/1000 Network Driver - version 7.3.21-k8-NAPI
[    1.003467] e1000: Copyright (c) 1999-2006 Intel Corporation.
[    1.006370] Fusion MPT SPI Host driver 3.04.20
[    1.009054] AVX2 version of gcm_enc/dec engaged.
[    1.010548] AES CTR mode by8 optimization enabled
[    1.015742] mptbase: ioc0: Initiating bringup
[    1.561080] input: ImExPS/2 Generic Explorer Mouse as /devices/platform/i8042/serio1/input/input4
[    1.570264] ioc0: LSI53C1030 A0: Capabilities={Initiator}
[    2.542068] scsi host2: ioc0: LSI53C1030 A0, FwRev=00000000h, Ports=1, MaxQ=256, IRQ=20
[    3.675026] scsi 2:0:0:0: Direct-Access     VBOX     HARDDISK         1.0  PQ: 0 ANSI: 5
[    3.678344] scsi target2:0:0: Beginning Domain Validation
[    3.682211] scsi target2:0:0: Domain Validation skipping write tests
[    3.683850] scsi target2:0:0: Ending Domain Validation
[    3.685162] scsi target2:0:0: asynchronous
[    3.687135] scsi 2:0:1:0: Direct-Access     VBOX     HARDDISK         1.0  PQ: 0 ANSI: 5
[    3.689218] scsi target2:0:1: Beginning Domain Validation
[    3.691612] scsi target2:0:1: Domain Validation skipping write tests
[    3.693073] scsi target2:0:1: Ending Domain Validation
[    3.694495] scsi target2:0:1: asynchronous
[    3.701090] sd 2:0:0:0: Attached scsi generic sg0 type 0
[    3.702247] sd 2:0:0:0: [sda] 20971520 512-byte logical blocks: (10.7 GB/10.0 GiB)
[    3.712197] sd 2:0:1:0: Attached scsi generic sg1 type 0
[    3.713677] sd 2:0:1:0: [sdb] 20480 512-byte logical blocks: (10.5 MB/10.0 MiB)
[    3.713732] sd 2:0:0:0: [sda] Write Protect is off
[    3.716877] sd 2:0:0:0: [sda] Incomplete mode parameter data
[    3.718351] sd 2:0:0:0: [sda] Assuming drive cache: write through
[    3.719918] sd 2:0:1:0: [sdb] Write Protect is off
[    3.721042] sd 2:0:1:0: [sdb] Incomplete mode parameter data
[    3.722216] sd 2:0:1:0: [sdb] Assuming drive cache: write through
[    3.725065]  sda: sda1
[    3.726912] sd 2:0:0:0: [sda] Attached SCSI disk
[    3.728139] sd 2:0:1:0: [sdb] Attached SCSI disk
[    4.045777] e1000 0000:00:03.0 eth0: (PCI:33MHz:32-bit) 02:0e:9b:2d:5b:92
[    4.047503] e1000 0000:00:03.0 eth0: Intel(R) PRO/1000 Network Connection
[    4.401974] e1000 0000:00:08.0 eth1: (PCI:33MHz:32-bit) 08:00:27:d8:17:f5
[    4.403373] e1000 0000:00:08.0 eth1: Intel(R) PRO/1000 Network Connection
[    4.406050] e1000 0000:00:03.0 enp0s3: renamed from eth0
[    4.422324] e1000 0000:00:08.0 enp0s8: renamed from eth1
Begin: Loading essential drivers ... [    5.654747] md: linear personality registered for level -1
[    5.657951] md: multipath personality registered for level -4
[    5.660599] md: raid0 personality registered for level 0
[    5.664228] md: raid1 personality registered for level 1
[    5.733249] raid6: sse2x1   gen() 13272 MB/s
[    5.801393] raid6: sse2x1   xor()  9313 MB/s
[    5.869311] raid6: sse2x2   gen() 19437 MB/s
[    5.937279] raid6: sse2x2   xor() 12585 MB/s
[    6.005427] raid6: sse2x4   gen() 21279 MB/s
[    6.073715] raid6: sse2x4   xor() 13459 MB/s
[    6.141331] raid6: avx2x1   gen() 27907 MB/s
[    6.209218] raid6: avx2x2   gen() 35835 MB/s
[    6.277403] raid6: avx2x4   gen() 38364 MB/s
[    6.278655] raid6: using algorithm avx2x4 gen() 38364 MB/s
[    6.279613] raid6: using avx2x2 recovery algorithm
[    6.281300] xor: automatically using best checksumming function:
[    6.325525]    avx       : 38078.000 MB/sec
[    6.327667] async_tx: api initialized (async)
[    6.335610] md: raid6 personality registered for level 6
[    6.337209] md: raid5 personality registered for level 5
[    6.338884] md: raid4 personality registered for level 4
[    6.345141] md: raid10 personality registered for level 10
done.
Begin: Running /scripts/init-premount ... done.
Begin: Mounting root file system ... Begin: Running /scripts/local-top ... done.
Begin: Running /scripts/local-premount ... [    6.366235] Btrfs loaded
Scanning for Btrfs filesystems
done.
Warning: fsck not present, so skipping root file system
[    6.389076] EXT4-fs (sda1): mounted filesystem with ordered data mode. Opts: (null)
done.
Begin: Running /scripts/local-bottom ... done.
Begin: Running /scripts/init-bottom ... done.
[    6.468670] systemd[1]: systemd 229 running in system mode. (+PAM +AUDIT +SELINUX +IMA +APPARMOR +SMACK +SYSVINIT +UTMP +LIBCRYPTSETUP +GCRYPT +GNUTLS +ACL +XZ -LZ4 +SECCOMP +BLKID +ELFUTILS +KMOD -IDN)
[    6.471544] systemd[1]: Detected virtualization oracle.
[    6.472380] systemd[1]: Detected architecture x86-64.

Welcome to [1mUbuntu 16.04.6 LTS[0m!

[    6.487491] systemd[1]: Set hostname to <ubuntu-xenial>.
[    6.596899] systemd[1]: Reached target User and Group Name Lookups.
[[0;32m  OK  [0m] Reached target User and Group Name Lookups.
[    6.599129] systemd[1]: Listening on Journal Audit Socket.
[[0;32m  OK  [0m] Listening on Journal Audit Socket.
[    6.601022] systemd[1]: Reached target Encrypted Volumes.
[[0;32m  OK  [0m] Reached target Encrypted Volumes.
[    6.614045] systemd[1]: Started Forward Password Requests to Wall Directory Watch.
[[0;32m  OK  [0m] Started Forward Password Requests to Wall Directory Watch.
[    6.619449] systemd[1]: Created slice System Slice.
[[0;32m  OK  [0m] Created slice System Slice.
[    6.633759] systemd[1]: Listening on /dev/initctl Compatibility Named Pipe.
[[0;32m  OK  [0m] Listening on /dev/initctl Compatibility Named Pipe.
[    6.638639] systemd[1]: Created slice User and Session Slice.
[[0;32m  OK  [0m] Created slice User and Session Slice.
[    6.646133] systemd[1]: Listening on udev Control Socket.
[[0;32m  OK  [0m] Listening on udev Control Socket.
[    6.653828] systemd[1]: Listening on LVM2 metadata daemon socket.
[[0;32m  OK  [0m] Listening on LVM2 metadata daemon socket.
[    6.657122] systemd[1]: Listening on Journal Socket.
[[0;32m  OK  [0m] Listening on Journal Socket.
[    6.677930] systemd[1]: Starting Load Kernel Modules...
         Starting Load Kernel Modules...
[    6.681387] systemd[1]: Starting Remount Root and Kernel File Systems...
         Starting Remount Root and Kernel File Systems...
[    6.684781] systemd[1]: Mounting Huge Pages File System...
         Mounting Huge Pages File System...
[    6.687135] systemd[1]: Mounting POSIX Message Queue File System...
         Mounting POSIX Message Queue File System...
[    6.690484] systemd[1]: Starting Nameserver information manager...
[    6.691848] Loading iSCSI transport class v2.0-870.
         Starting Nameserver information manager...
[    6.693602] systemd[1]: Listening on Device-mapper event daemon FIFOs.
[[0;32m  OK  [0m] Listening on Device-mapper event daemon FIFOs.
[    6.697605] systemd[1]: Starting Monitoring of LVM2 mirrors, snapshots etc. using dmeventd or progress polling...
[    6.699631] EXT4-fs (sda1): re-mounted. Opts: (null)
         Starting Monitoring of LVM2 mirrors... dmeventd or progress polling...
[    6.704080] iscsi: registered transport (tcp)
[    6.706819] systemd[1]: Starting Set console keymap...
         Starting Set console keymap...
[    6.709299] systemd[1]: Set up automount Arbitrary Executable File Formats File System Automount Point.
[[0;32m  OK  [0m] Set up automount Arbitrary Executab...ats File System Automount Point.
[    6.714094] systemd[1]: Mounting Debug File System...
         Mounting Debug File System...
[    6.717308] systemd[1]: Starting Uncomplicated firewall...
         Starting Uncomplicated firewall...
[    6.720597] systemd[1]: Reached target Slices.
[[0;32m  OK  [0m] Reached target Slices.
[    6.722105] systemd[1]: Listening on Journal Socket (/dev/log).
[[0;32m  OK  [0m] Listening on Journal Socket (/dev/log).
[    6.724006] systemd[1]: Listening on udev Kernel Socket.
[[0;32m  OK  [0m] Listening on udev Kernel Socket.
[    6.725750] systemd[1]: Reached target System Time Synchronized.
[[0;32m  OK  [0m] Reached target System Time Synchronized.
[    6.728131] systemd[1]: Starting Create list of required static device nodes for the current kernel...
         Starting Create list of required st... nodes for the current kernel...
[    6.730858] systemd[1]: Started Trigger resolvconf update for networkd DNS.
[[0;32m  OK  [0m] Started Trigger resolvconf update for networkd DNS.
[    6.733971] systemd[1]: Created slice system-serial\x2dgetty.slice.
[[0;32m  OK  [0m] Created slice system-serial\x2dgetty.slice.
[    6.736094] systemd[1]: Listening on Syslog Socket.
[[0;32m  OK  [0m] Listening on Syslog Socket.
[    6.738833] systemd[1]: Starting Journal Service...
         Starting Journal Service...
[    6.740415] systemd[1]: Listening on LVM2 poll daemon socket.
[[0;32m  OK  [0m] Listening on LVM2 poll daemon socket.
[    6.742799] systemd[1]: Reached target Swap.
[[0;32m  OK  [0m] Reached target Swap.
[    6.746077] systemd[1]: Mounted POSIX Message Queue File System.
[[0;32m  OK  [0m] Mounted POSIX Message Queue File System.
[    6.753327] systemd[1]: Mounted Debug File System.
[[0;32m  OK  [0m] Mounted Debug File System.
[    6.755218] systemd[1]: Mounted Huge Pages File System.
[[0;32m  OK  [0m] Mounted Huge Pages File System.
[    6.757158] systemd[1]: Started Remount Root and Kernel File Systems.
[[0;32m  OK  [0m] Started Remount Root and Kernel File Systems.
[    6.762433] iscsi: registered transport (iser)
[    6.762496] systemd[1]: Started Uncomplicated firewall.
[[0;32m  OK  [0m] Started Uncomplicated firewall.
[    6.765766] systemd[1]: Started Load Kernel Modules.
[[0;32m  OK  [0m] Started Load Kernel Modules.
[    6.768025] systemd[1]: Started Set console keymap.
[[0;32m  OK  [0m] Started Set console keymap.
[    6.770159] systemd[1]: Started Create list of required static device nodes for the current kernel.
[[0;32m  OK  [0m] Started Create list of required sta...ce nodes for the current kernel.
[    6.773404] systemd[1]: Started Nameserver information manager.
[[0;32m  OK  [0m] Started Nameserver information manager.
[    6.782290] systemd[1]: Started Journal Service.
[[0;32m  OK  [0m] Started Journal Service.
[[0;32m  OK  [0m] Started LVM2 metadata daemon.
         Starting Create Static Device Nodes in /dev...
         Mounting FUSE Control File System...
         Starting Apply Kernel Variables...
         Starting udev Coldplug all Devices...
         Starting Load/Save Random Seed...
         Starting Flush Journal to Persistent Storage...
[[0;32m  OK  [0m] Mounted FUSE Control File System.
[[0;32m  OK  [0m] Started Load/Save Random Seed.
[[0;32m  OK  [0m] Started Create Static Device Nodes in /dev.
[[0;32m  OK  [0m] Started Apply Kernel Variables.
[[0;32m  OK  [0m] Started Flush Journal to Persistent Storage.
         Starting udev Kernel Device Manager...
[[0;32m  OK  [0m] Started udev Coldplug all Devices.
[[0;32m  OK  [0m] Started udev Kernel Device Manager.
[[0;32m  OK  [0m] Started Dispatch Password Requests to Console Directory Watch.
[[0;32m  OK  [0m] Found device /dev/ttyS0.
[[0;32m  OK  [0m] Listening on Load/Save RF Kill Switch Status /dev/rfkill Watch.
[[0;32m  OK  [0m] Found device 82540EM Gigabit Ethern...r (PRO/1000 MT Desktop Adapter).
[[0;32m  OK  [0m] Found device 82540EM Gigabit Ethern...r (PRO/1000 MT Desktop Adapter).
[[0;32m  OK  [0m] Started Monitoring of LVM2 mirrors,...ng dmeventd or progress polling.
[[0;32m  OK  [0m] Reached target Local File Systems (Pre).
[[0;32m  OK  [0m] Reached target Local File Systems.
         Starting Create Volatile Files and Directories...
         Starting LSB: AppArmor initialization...
         Starting Set console font and keymap...
         Starting Tell Plymouth To Write Out Runtime Data...
         Starting Initial cloud-init job (pre-networking)...
[[0;32m  OK  [0m] Started Create Volatile Files and Directories.
[[0;32m  OK  [0m] Started Tell Plymouth To Write Out Runtime Data.
         Starting Update UTMP about System Boot/Shutdown...
[[0;32m  OK  [0m] Started Update UTMP about System Boot/Shutdown.
[[0;32m  OK  [0m] Started LSB: AppArmor initialization.
[[0;32m  OK  [0m] Started Set console font and keymap.
[[0;32m  OK  [0m] Created slice system-getty.slice.
[    7.772769] cloud-init[672]: Cloud-init v. 19.2-36-g059d049c-0ubuntu1~16.04.1 running 'init-local' at Mon, 21 Oct 2019 18:16:36 +0000. Up 7.59 seconds.
[[0;32m  OK  [0m] Started Initial cloud-init job (pre-networking).
[[0;32m  OK  [0m] Reached target Network (Pre).
[[0;32m  OK  [0m] Started ifup for enp0s3.
[[0;32m  OK  [0m] Started ifup for enp0s8.
         Starting Raise network interfaces...
[[0;32m  OK  [0m] Started Raise network interfaces.
[[0;32m  OK  [0m] Reached target Network.
         Starting Initial cloud-init job (metadata service crawler)...
[    8.318331] cloud-init[1075]: Cloud-init v. 19.2-36-g059d049c-0ubuntu1~16.04.1 running 'init' at Mon, 21 Oct 2019 18:16:37 +0000. Up 8.14 seconds.
[    8.324351] cloud-init[1075]: ci-info: ++++++++++++++++++++++++++++++++++++++Net device info+++++++++++++++++++++++++++++++++++++++
[    8.333598] cloud-init[1075]: ci-info: +--------+------+-----------------------------+---------------+--------+-------------------+
[    8.334990] cloud-init[1075]: ci-info: | Device |  Up  |           Address           |      Mask     | Scope  |     Hw-Address    |
[    8.344503] cloud-init[1075]: ci-info: +--------+------+-----------------------------+---------------+--------+-------------------+
[    8.345903] cloud-init[1075]: ci-info: | enp0s3 | True |          10.0.2.15          | 255.255.255.0 | global | 02:0e:9b:2d:5b:92 |
[    8.348689] cloud-init[1075]: ci-info: | enp0s3 | True |  fe80::e:9bff:fe2d:5b92/64  |       .       |  link  | 02:0e:9b:2d:5b:92 |
[[0;32m  OK  [0m] Started Initial cloud-init job (metadata service crawler).
[    8.348840] cloud-init[1075]: ci-info: | enp0s8 | True |        192.168.33.10        | 255.255.255.0 | global | 08:00:27:d8:17:f5 |
[    8.356532] cloud-init[1075]: ci-info: | enp0s8 | True | fe80::a00:27ff:fed8:17f5/64 |       .       |  link  | 08:00:27:d8:17:f5 |
[    8.356833] cloud-init[1075]: ci-info: |   lo   | True |          127.0.0.1          |   255.0.0.0   |  host  |         .         |
[[0;32m  OK  [0m] Reached target Network is Online.
[    8.357022] cloud-init[1075]: ci-info: |   lo   | True |           ::1/128           |       .       |  host  |         .         |
[    8.361274] cloud-init[1075]: ci-info: +--------+------+-----------------------------+---------------+--------+-------------------+
[    8.362564] cloud-init[1075]: ci-info: ++++++++++++++++++++++++++++Route IPv4 info++++++++++++++++++++++++++++
[    8.368532] cloud-init[1075]: ci-info: +-------+--------------+----------+---------------+-----------+-------+
[    8.369811] cloud-init[1075]: ci-info: | Route | Destination  | Gateway  |    Genmask    | Interface | Flags |
[    8.371164] cloud-init[1075]: ci-info: +-------+--------------+----------+---------------+-----------+-------+
[    8.372417] cloud-init[1075]: ci-info: |   0   |   0.0.0.0    | 10.0.2.2 |    0.0.0.0    |   enp0s3  |   UG  |
[    8.380480] cloud-init[1075]: ci-info: |   1   |   10.0.2.0   | 0.0.0.0  | 255.255.255.0 |   enp0s3  |   U   |
[    8.381431] cloud-init[1075]: ci-info: |   2   | 192.168.33.0 | 0.0.0.0  | 255.255.255.0 |   enp0s8  |   U   |
[    8.382374] cloud-init[1075]: ci-info: +-------+--------------+----------+---------------+-----------+-------+
[    8.382575] cloud-init[1075]: ci-info: +++++++++++++++++++Route IPv6 info+++++++++++++++++++
[    8.383129] cloud-init[1075]: ci-info: +-------+-------------+---------+-----------+-------+
[    8.383678] cloud-init[1075]: ci-info: | Route | Destination | Gateway | Interface | Flags |
[    8.384959] cloud-init[1075]: ci-info: +-------+-------------+---------+-----------+-------+
[    8.385467] cloud-init[1075]: ci-info: |   0   |  fe80::/64  |    ::   |   enp0s8  |   U   |
[    8.386010] cloud-init[1075]: ci-info: |   1   |  fe80::/64  |    ::   |   enp0s3  |   U   |
[    8.386557] cloud-init[1075]: ci-info: |   4   |   ff00::/8  |    ::   |   enp0s8  |   U   |
[    8.387088] cloud-init[1075]: ci-info: |   5   |   ff00::/8  |    ::   |   enp0s3  |   U   |
[    8.387630] cloud-init[1075]: ci-info: +-------+-------------+---------+-----------+-------+
         Starting iSCSI initiator daemon (iscsid)...
[[0;32m  OK  [0m] Reached target Cloud-config availability.
[[0;32m  OK  [0m] Reached target System Initialization.
[[0;32m  OK  [0m] Started Daily apt download activities.
[[0;32m  OK  [0m] Started Daily Cleanup of Temporary Directories.
[[0;32m  OK  [0m] Listening on ACPID Listen Socket.
[[0;32m  OK  [0m] Started ACPI Events Check.
[[0;32m  OK  [0m] Reached target Paths.
[[0;32m  OK  [0m] Started Daily apt upgrade and clean activities.
[[0;32m  OK  [0m] Reached target Timers.
[[0;32m  OK  [0m] Listening on D-Bus System Message Bus Socket.
[[0;32m  OK  [0m] Listening on UUID daemon activation socket.
         Starting LXD - unix socket.
         Starting Socket activation for snappy daemon.
[[0;32m  OK  [0m] Listening on LXD - unix socket.
[[0;32m  OK  [0m] Listening on Socket activation for snappy daemon.
[[0;32m  OK  [0m] Started iSCSI initiator daemon (iscsid).
         Starting Login to default iSCSI targets...
[[0;32m  OK  [0m] Reached target Sockets.
[[0;32m  OK  [0m] Reached target Basic System.
         Starting /etc/rc.local Compatibility...
         Starting Login Service...
         Starting LSB: Record successful boot for GRUB...
[[0;32m  OK  [0m] Started D-Bus System Message Bus.
         Starting Accounts Service...
[[0;32m  OK  [0m] Started Regular background program processing daemon.
         Starting LSB: MD monitoring daemon...
[[0;32m  OK  [0m] Started Deferred execution scheduler.
         Starting MySQL Community Server...
[[0;32m  OK  [0m] Started FUSE filesystem for LXC.
         Starting Snappy daemon...
[[0;32m  OK  [0m] Started ACPI event daemon.
         Starting OpenBSD Secure Shell server...
         Starting LXD - container startup/shutdown...
         Starting System Logging Service...
         Starting Virtualbox guest utils...
[[0;32m  OK  [0m] Started /etc/rc.local Compatibility.
[[0;32m  OK  [0m] Started System Logging Service.
[[0;32m  OK  [0m] Started LSB: Record successful boot for GRUB.
[[0;32m  OK  [0m] Started Login to default iSCSI targets.
[[0;32m  OK  [0m] Started Login Service.
[[0;32m  OK  [0m] Started Unattended Upgrades Shutdown.
         Starting Authenticate and Authorize Users to Run Privileged Tasks...
[[0;32m  OK  [0m] Reached target Remote File Systems (Pre).
[[0;32m  OK  [0m] Reached target Remote File Systems.
         Starting LSB: daemon to balance interrupts for SMP systems...
         Starting LSB: automatic crash report generation...
         Starting LSB: Set the CPU Frequency Scaling governor to "ondemand"...
         Starting LSB: Apache2 web server...
         Starting Permit User Sessions...
[[0;32m  OK  [0m] Started LSB: MD monitoring daemon.
[[0;32m  OK  [0m] Started Permit User Sessions.
[[0;32m  OK  [0m] Started Authenticate and Authorize Users to Run Privileged Tasks.
[[0;32m  OK  [0m] Started OpenBSD Secure Shell server.
[[0;32m  OK  [0m] Started Accounts Service.
[[0;32m  OK  [0m] Started Virtualbox guest utils.
[[0;32m  OK  [0m] Started LSB: Set the CPU Frequency Scaling governor to "ondemand".
[[0;32m  OK  [0m] Started LSB: daemon to balance interrupts for SMP systems.
         Starting Terminate Plymouth Boot Screen...
         Starting Hold until boot process finishes up...
[[0;32m  OK  [0m] Started LSB: automatic crash report generation.
[[0;32m  OK  [0m] Started Hold until boot process finishes up.
[[0;32m  OK  [0m] Started Terminate Plymouth Boot Screen.
         Starting Set console scheme...
[[0;32m  OK  [0m] Started Getty on tty1.
[[0;32m  OK  [0m] Started Serial Getty on ttyS0.
[[0;32m  OK  [0m] Reached target Login Prompts.
[[0;32m  OK  [0m] Started LXD - container startup/shutdown.
[[0;32m  OK  [0m] Started Set console scheme.
[[0;32m  OK  [0m] Started Snappy daemon.
         Starting Wait until snapd is fully seeded...
[[0;32m  OK  [0m] Started Wait until snapd is fully seeded.
         Starting Apply the settings specified in cloud-config...
[    9.173817] cloud-init[1375]: Cloud-init v. 19.2-36-g059d049c-0ubuntu1~16.04.1 running 'modules:config' at Mon, 21 Oct 2019 18:16:38 +0000. Up 9.11 seconds.
[[0;32m  OK  [0m] Started Apply the settings specified in cloud-config.
[[0;32m  OK  [0m] Started MySQL Community Server.
[[0;32m  OK  [0m] Started LSB: Apache2 web server.
[[0;32m  OK  [0m] Reached target Multi-User System.
         Starting Execute cloud user/final scripts...
[[0;32m  OK  [0m] Reached target Graphical Interface.
         Starting Update UTMP about System Runlevel Changes...
[[0;32m  OK  [0m] Started Update UTMP about System Runlevel Changes.
[   10.149403] cloud-init[1424]: Cloud-init v. 19.2-36-g059d049c-0ubuntu1~16.04.1 running 'modules:final' at Mon, 21 Oct 2019 18:16:39 +0000. Up 10.08 seconds.
[   10.157790] cloud-init[1424]: Cloud-init v. 19.2-36-g059d049c-0ubuntu1~16.04.1 finished at Mon, 21 Oct 2019 18:16:39 +0000. Datasource DataSourceNoCloud [seed=/dev/sdb][dsmode=net].  Up 10.14 seconds
[[0;32m  OK  [0m] Started Execute cloud user/final scripts.
[[0;32m  OK  [0m] Reached target Cloud-init target.
         Starting Daily apt download activities...
[[0;32m  OK  [0m] Created slice User Slice of vagrant.
         Starting User Manager for UID 1000...
[[0;32m  OK  [0m] Started Session 1 of user vagrant.
[[0;32m  OK  [0m] Started User Manager for UID 1000.
         Stopping User Manager for UID 1000...
[[0;32m  OK  [0m] Stopped User Manager for UID 1000.
[[0;32m  OK  [0m] Removed slice User Slice of vagrant.

Ubuntu 16.04.6 LTS ubuntu-xenial ttyS0

ubuntu-xenial login: 